I1023 10:20:41.968083    4172 load.go:31] Reloading schema and connectors...
I1023 10:20:42.018055    4172 control.go:94] [/emulator/piaappfinal 9202] UpdateResources(): done
Main schema: sources: schema\schema.gql [1992B] 
Connector "example": sources: example\mutations.gql [1243B] example\queries.gql [1801B] 
I1023 10:20:42.047057    4172 codegen.go:79] [connector "example" javascriptSdk] Generating sources into "C:\\Users\\ludu8\\PROYECTO\\PIA_App_FINAL\\src\\dataconnect-generated"
I1023 10:20:42.056573    4172 collector.go:107] schema extensions wrote into "C:\\Users\\ludu8\\PROYECTO\\PIA_App_FINAL\\dataconnect\\.dataconnect\\schema"
Generated sources: prelude.gql [73219B] main\relation.gql [13746B] main\query.gql [5099B] main\mutation.gql [13679B] main\implicit.gql [1261B] main\input.gql [28173B] 
I1023 10:20:42.060820    4172 collector.go:107] connector "example" javascriptSdk wrote into "C:\\Users\\ludu8\\PROYECTO\\PIA_App_FINAL\\src\\dataconnect-generated"
Generated sources: README.md [40931B] .guides/usage.md [3489B] esm\index.esm.js [3561B] react\README.md [48299B] esm\package.json [17B] index.cjs.js [4051B] react\index.d.ts [3961B] react\package.json [460B] react\esm\package.json [17B] react\index.cjs.js [3439B] .guides/setup.md [1682B] index.d.ts [8025B] package.json [863B] react\esm\index.esm.js [3269B] .guides/config.json [236B] 
I1023 10:20:42.063608    4172 installsdk.go:55] Package @dataconnect/generated is already installed. Skipping installation
I1023 10:20:42.063608    4172 load.go:109] Finished reloading
I1023 10:20:42.064612    4172 dev.go:105] Listening on address (HTTP + gRPC): 127.0.0.1:9399
I1023 10:20:42.066792    4172 dev.go:105] Listening on address (HTTP + gRPC): [::1]:9399
I1023 10:20:46.983722    4172 migrate.go:24] Running migration SQL:
Step 1: CREATE EXTENSION IF NOT EXISTS "uuid-ossp"
Step 2: CREATE TABLE "public"."movie" ("id" uuid NOT NULL DEFAULT uuid_generate_v4(), "genre" text NULL, "image_url" text NOT NULL, "title" text NOT NULL, PRIMARY KEY ("id"))
Step 3: CREATE TABLE "public"."user" ("id" text NOT NULL, "username" character varying(50) NOT NULL, PRIMARY KEY ("id"))
Step 4: CREATE TABLE "public"."Reviews" ("movie_id" uuid NOT NULL, "user_id" text NOT NULL, "rating" integer NULL, "review_date" date NOT NULL, "review_text" text NULL, PRIMARY KEY ("movie_id", "user_id"), CONSTRAINT "Reviews_movie_id_fkey" FOREIGN KEY ("movie_id") REFERENCES "public"."movie" ("id") ON DELETE CASCADE, CONSTRAINT "Reviews_user_id_fkey" FOREIGN KEY ("user_id") REFERENCES "public"."user" ("id") ON DELETE CASCADE)
Step 5: CREATE INDEX "Reviews_movieId_idx" ON "public"."Reviews" ("movie_id")
Step 6: CREATE INDEX "Reviews_userId_idx" ON "public"."Reviews" ("user_id")
Step 7: CREATE TABLE "public"."movie_metadata" ("id" uuid NOT NULL DEFAULT uuid_generate_v4(), "movie_id" uuid NOT NULL, "description" text NULL, "rating" double precision NULL, "release_year" integer NULL, PRIMARY KEY ("id"), CONSTRAINT "movie_metadata_movie_id_fkey" FOREIGN KEY ("movie_id") REFERENCES "public"."movie" ("id") ON DELETE CASCADE)
Step 8: CREATE INDEX "movie_metadata_movieId_idx" ON "public"."movie_metadata" ("movie_id")
Step 9: CREATE UNIQUE INDEX "movie_metadata_movieId_uidx" ON "public"."movie_metadata" ("movie_id")
I1023 10:20:47.168639    4172 control.go:94] [/emulator/piaappfinal d86e] UpdateResources(): done
Main schema: sources: schema\schema.gql [1992B] 
Connector "example": sources: example\queries.gql [1801B] example\mutations.gql [1243B] 
